<?xml version="1.0" encoding="UTF-8"?>
<testsuite xmlns:xsi="http://www.w3.org/2001/XMLSchema-instance" xsi:noNamespaceSchemaLocation="https://maven.apache.org/surefire/maven-surefire-plugin/xsd/surefire-test-report-3.0.xsd" version="3.0" name="TestSuite" time="31.76" tests="10" errors="0" skipped="7" failures="3">
  <properties>
    <property name="gopherProxySet" value="false"/>
    <property name="awt.toolkit" value="sun.lwawt.macosx.LWCToolkit"/>
    <property name="file.encoding.pkg" value="sun.io"/>
    <property name="java.specification.version" value="1.8"/>
    <property name="sun.cpu.isalist" value=""/>
    <property name="sun.jnu.encoding" value="UTF-8"/>
    <property name="java.class.path" value="/Users/osamazafar/Project/target/test-classes:/Users/osamazafar/Project/target/classes:/Users/osamazafar/.m2/repository/junit/junit/3.8.1/junit-3.8.1.jar:/Users/osamazafar/.m2/repository/org/apache/logging/log4j/log4j-api/2.13.0/log4j-api-2.13.0.jar:/Users/osamazafar/.m2/repository/org/apache/logging/log4j/log4j-core/2.13.0/log4j-core-2.13.0.jar:/Users/osamazafar/.m2/repository/org/seleniumhq/selenium/selenium-java/4.0.0-alpha-4/selenium-java-4.0.0-alpha-4.jar:/Users/osamazafar/.m2/repository/org/seleniumhq/selenium/selenium-api/4.0.0-alpha-4/selenium-api-4.0.0-alpha-4.jar:/Users/osamazafar/.m2/repository/org/seleniumhq/selenium/selenium-chrome-driver/4.0.0-alpha-4/selenium-chrome-driver-4.0.0-alpha-4.jar:/Users/osamazafar/.m2/repository/com/google/auto/service/auto-service-annotations/1.0-rc6/auto-service-annotations-1.0-rc6.jar:/Users/osamazafar/.m2/repository/com/google/auto/service/auto-service/1.0-rc6/auto-service-1.0-rc6.jar:/Users/osamazafar/.m2/repository/com/google/auto/auto-common/0.10/auto-common-0.10.jar:/Users/osamazafar/.m2/repository/com/google/guava/guava/28.2-jre/guava-28.2-jre.jar:/Users/osamazafar/.m2/repository/com/google/guava/failureaccess/1.0.1/failureaccess-1.0.1.jar:/Users/osamazafar/.m2/repository/com/google/guava/listenablefuture/9999.0-empty-to-avoid-conflict-with-guava/listenablefuture-9999.0-empty-to-avoid-conflict-with-guava.jar:/Users/osamazafar/.m2/repository/com/google/code/findbugs/jsr305/3.0.2/jsr305-3.0.2.jar:/Users/osamazafar/.m2/repository/org/checkerframework/checker-qual/2.10.0/checker-qual-2.10.0.jar:/Users/osamazafar/.m2/repository/com/google/errorprone/error_prone_annotations/2.3.4/error_prone_annotations-2.3.4.jar:/Users/osamazafar/.m2/repository/com/google/j2objc/j2objc-annotations/1.3/j2objc-annotations-1.3.jar:/Users/osamazafar/.m2/repository/org/seleniumhq/selenium/selenium-chromium-driver/4.0.0-alpha-4/selenium-chromium-driver-4.0.0-alpha-4.jar:/Users/osamazafar/.m2/repository/org/seleniumhq/selenium/selenium-devtools/4.0.0-alpha-4/selenium-devtools-4.0.0-alpha-4.jar:/Users/osamazafar/.m2/repository/org/seleniumhq/selenium/selenium-http/4.0.0-alpha-4/selenium-http-4.0.0-alpha-4.jar:/Users/osamazafar/.m2/repository/org/seleniumhq/selenium/selenium-json/4.0.0-alpha-4/selenium-json-4.0.0-alpha-4.jar:/Users/osamazafar/.m2/repository/org/seleniumhq/selenium/selenium-edge-driver/4.0.0-alpha-4/selenium-edge-driver-4.0.0-alpha-4.jar:/Users/osamazafar/.m2/repository/org/seleniumhq/selenium/selenium-edgehtml-driver/4.0.0-alpha-4/selenium-edgehtml-driver-4.0.0-alpha-4.jar:/Users/osamazafar/.m2/repository/org/seleniumhq/selenium/selenium-firefox-driver/4.0.0-alpha-4/selenium-firefox-driver-4.0.0-alpha-4.jar:/Users/osamazafar/.m2/repository/org/seleniumhq/selenium/selenium-firefox-xpi-driver/4.0.0-alpha-4/selenium-firefox-xpi-driver-4.0.0-alpha-4.jar:/Users/osamazafar/.m2/repository/org/seleniumhq/selenium/selenium-ie-driver/4.0.0-alpha-4/selenium-ie-driver-4.0.0-alpha-4.jar:/Users/osamazafar/.m2/repository/org/seleniumhq/selenium/selenium-opera-driver/4.0.0-alpha-4/selenium-opera-driver-4.0.0-alpha-4.jar:/Users/osamazafar/.m2/repository/org/seleniumhq/selenium/selenium-remote-driver/4.0.0-alpha-4/selenium-remote-driver-4.0.0-alpha-4.jar:/Users/osamazafar/.m2/repository/com/squareup/okhttp3/okhttp/4.3.0/okhttp-4.3.0.jar:/Users/osamazafar/.m2/repository/com/squareup/okio/okio/2.4.1/okio-2.4.1.jar:/Users/osamazafar/.m2/repository/org/jetbrains/kotlin/kotlin-stdlib-common/1.3.50/kotlin-stdlib-common-1.3.50.jar:/Users/osamazafar/.m2/repository/org/jetbrains/kotlin/kotlin-stdlib/1.3.61/kotlin-stdlib-1.3.61.jar:/Users/osamazafar/.m2/repository/org/jetbrains/annotations/13.0/annotations-13.0.jar:/Users/osamazafar/.m2/repository/com/typesafe/netty/netty-reactive-streams/2.0.4/netty-reactive-streams-2.0.4.jar:/Users/osamazafar/.m2/repository/io/netty/netty-handler/4.1.43.Final/netty-handler-4.1.43.Final.jar:/Users/osamazafar/.m2/repository/io/netty/netty-common/4.1.43.Final/netty-common-4.1.43.Final.jar:/Users/osamazafar/.m2/repository/io/netty/netty-buffer/4.1.43.Final/netty-buffer-4.1.43.Final.jar:/Users/osamazafar/.m2/repository/io/netty/netty-transport/4.1.43.Final/netty-transport-4.1.43.Final.jar:/Users/osamazafar/.m2/repository/io/netty/netty-codec/4.1.43.Final/netty-codec-4.1.43.Final.jar:/Users/osamazafar/.m2/repository/org/reactivestreams/reactive-streams/1.0.3/reactive-streams-1.0.3.jar:/Users/osamazafar/.m2/repository/io/opentracing/opentracing-api/0.33.0/opentracing-api-0.33.0.jar:/Users/osamazafar/.m2/repository/net/bytebuddy/byte-buddy/1.10.6/byte-buddy-1.10.6.jar:/Users/osamazafar/.m2/repository/org/apache/commons/commons-exec/1.3/commons-exec-1.3.jar:/Users/osamazafar/.m2/repository/org/asynchttpclient/async-http-client/2.10.4/async-http-client-2.10.4.jar:/Users/osamazafar/.m2/repository/org/asynchttpclient/async-http-client-netty-utils/2.10.4/async-http-client-netty-utils-2.10.4.jar:/Users/osamazafar/.m2/repository/io/netty/netty-codec-http/4.1.42.Final/netty-codec-http-4.1.42.Final.jar:/Users/osamazafar/.m2/repository/io/netty/netty-codec-socks/4.1.42.Final/netty-codec-socks-4.1.42.Final.jar:/Users/osamazafar/.m2/repository/io/netty/netty-handler-proxy/4.1.42.Final/netty-handler-proxy-4.1.42.Final.jar:/Users/osamazafar/.m2/repository/io/netty/netty-transport-native-epoll/4.1.42.Final/netty-transport-native-epoll-4.1.42.Final-linux-x86_64.jar:/Users/osamazafar/.m2/repository/io/netty/netty-transport-native-unix-common/4.1.42.Final/netty-transport-native-unix-common-4.1.42.Final.jar:/Users/osamazafar/.m2/repository/io/netty/netty-transport-native-kqueue/4.1.42.Final/netty-transport-native-kqueue-4.1.42.Final-osx-x86_64.jar:/Users/osamazafar/.m2/repository/io/netty/netty-resolver-dns/4.1.42.Final/netty-resolver-dns-4.1.42.Final.jar:/Users/osamazafar/.m2/repository/io/netty/netty-resolver/4.1.42.Final/netty-resolver-4.1.42.Final.jar:/Users/osamazafar/.m2/repository/io/netty/netty-codec-dns/4.1.42.Final/netty-codec-dns-4.1.42.Final.jar:/Users/osamazafar/.m2/repository/org/slf4j/slf4j-api/1.7.26/slf4j-api-1.7.26.jar:/Users/osamazafar/.m2/repository/com/sun/activation/javax.activation/1.2.0/javax.activation-1.2.0.jar:/Users/osamazafar/.m2/repository/org/seleniumhq/selenium/selenium-safari-driver/4.0.0-alpha-4/selenium-safari-driver-4.0.0-alpha-4.jar:/Users/osamazafar/.m2/repository/org/seleniumhq/selenium/selenium-support/4.0.0-alpha-4/selenium-support-4.0.0-alpha-4.jar:/Users/osamazafar/.m2/repository/org/testng/testng/7.1.0/testng-7.1.0.jar:/Users/osamazafar/.m2/repository/com/beust/jcommander/1.72/jcommander-1.72.jar:/Users/osamazafar/.m2/repository/com/google/inject/guice/4.1.0/guice-4.1.0-no_aop.jar:/Users/osamazafar/.m2/repository/javax/inject/javax.inject/1/javax.inject-1.jar:/Users/osamazafar/.m2/repository/aopalliance/aopalliance/1.0/aopalliance-1.0.jar:/Users/osamazafar/.m2/repository/org/yaml/snakeyaml/1.21/snakeyaml-1.21.jar:/Users/osamazafar/.m2/repository/commons-io/commons-io/2.6/commons-io-2.6.jar:/Users/osamazafar/.m2/repository/com/aventstack/extentreports/3.1.5/extentreports-3.1.5.jar:/Users/osamazafar/.m2/repository/org/mongodb/mongodb-driver/3.3.0/mongodb-driver-3.3.0.jar:/Users/osamazafar/.m2/repository/org/mongodb/bson/3.3.0/bson-3.3.0.jar:/Users/osamazafar/.m2/repository/org/mongodb/mongodb-driver-core/3.3.0/mongodb-driver-core-3.3.0.jar:/Users/osamazafar/.m2/repository/org/apache/httpcomponents/httpclient/4.5.2/httpclient-4.5.2.jar:/Users/osamazafar/.m2/repository/org/apache/httpcomponents/httpcore/4.4.4/httpcore-4.4.4.jar:/Users/osamazafar/.m2/repository/commons-logging/commons-logging/1.2/commons-logging-1.2.jar:/Users/osamazafar/.m2/repository/commons-codec/commons-codec/1.9/commons-codec-1.9.jar:/Users/osamazafar/.m2/repository/org/apache/httpcomponents/httpmime/4.5.2/httpmime-4.5.2.jar:/Users/osamazafar/.m2/repository/org/jsoup/jsoup/1.9.2/jsoup-1.9.2.jar:/Users/osamazafar/.m2/repository/com/google/code/gson/gson/2.8.0/gson-2.8.0.jar:/Users/osamazafar/.m2/repository/info/cukes/cucumber-testng/1.2.5/cucumber-testng-1.2.5.jar:/Users/osamazafar/.m2/repository/info/cukes/cucumber-core/1.2.5/cucumber-core-1.2.5.jar:/Users/osamazafar/.m2/repository/info/cukes/cucumber-html/0.2.3/cucumber-html-0.2.3.jar:/Users/osamazafar/.m2/repository/info/cukes/cucumber-jvm-deps/1.0.5/cucumber-jvm-deps-1.0.5.jar:/Users/osamazafar/.m2/repository/info/cukes/gherkin/2.12.2/gherkin-2.12.2.jar:/Users/osamazafar/.m2/repository/info/cukes/cucumber-java/1.2.5/cucumber-java-1.2.5.jar:/Users/osamazafar/.m2/repository/info/cukes/cucumber-junit/1.2.5/cucumber-junit-1.2.5.jar:/Users/osamazafar/.m2/repository/org/freemarker/freemarker/2.3.28/freemarker-2.3.28.jar:"/>
    <property name="java.vm.vendor" value="Oracle Corporation"/>
    <property name="sun.arch.data.model" value="64"/>
    <property name="java.vendor.url" value="http://java.oracle.com/"/>
    <property name="user.timezone" value="America/Indiana/Indianapolis"/>
    <property name="org.apache.logging.log4j.assignedSequences" value="9538"/>
    <property name="java.vm.specification.version" value="1.8"/>
    <property name="os.name" value="Mac OS X"/>
    <property name="user.country" value="US"/>
    <property name="sun.java.launcher" value="SUN_STANDARD"/>
    <property name="sun.boot.library.path" value="/Library/Java/JavaVirtualMachines/jdk1.8.0_221.jdk/Contents/Home/jre/lib"/>
    <property name="sun.java.command" value="/Users/osamazafar/Project/target/surefire/surefirebooter1678972913300783085.jar /Users/osamazafar/Project/target/surefire 2020-03-04T17-05-28_486-jvmRun1 surefire8352040036829745537tmp surefire_05181124377536411766tmp"/>
    <property name="http.nonProxyHosts" value="local|*.local|169.254/16|*.169.254/16"/>
    <property name="surefire.test.class.path" value="/Users/osamazafar/Project/target/test-classes:/Users/osamazafar/Project/target/classes:/Users/osamazafar/.m2/repository/junit/junit/3.8.1/junit-3.8.1.jar:/Users/osamazafar/.m2/repository/org/apache/logging/log4j/log4j-api/2.13.0/log4j-api-2.13.0.jar:/Users/osamazafar/.m2/repository/org/apache/logging/log4j/log4j-core/2.13.0/log4j-core-2.13.0.jar:/Users/osamazafar/.m2/repository/org/seleniumhq/selenium/selenium-java/4.0.0-alpha-4/selenium-java-4.0.0-alpha-4.jar:/Users/osamazafar/.m2/repository/org/seleniumhq/selenium/selenium-api/4.0.0-alpha-4/selenium-api-4.0.0-alpha-4.jar:/Users/osamazafar/.m2/repository/org/seleniumhq/selenium/selenium-chrome-driver/4.0.0-alpha-4/selenium-chrome-driver-4.0.0-alpha-4.jar:/Users/osamazafar/.m2/repository/com/google/auto/service/auto-service-annotations/1.0-rc6/auto-service-annotations-1.0-rc6.jar:/Users/osamazafar/.m2/repository/com/google/auto/service/auto-service/1.0-rc6/auto-service-1.0-rc6.jar:/Users/osamazafar/.m2/repository/com/google/auto/auto-common/0.10/auto-common-0.10.jar:/Users/osamazafar/.m2/repository/com/google/guava/guava/28.2-jre/guava-28.2-jre.jar:/Users/osamazafar/.m2/repository/com/google/guava/failureaccess/1.0.1/failureaccess-1.0.1.jar:/Users/osamazafar/.m2/repository/com/google/guava/listenablefuture/9999.0-empty-to-avoid-conflict-with-guava/listenablefuture-9999.0-empty-to-avoid-conflict-with-guava.jar:/Users/osamazafar/.m2/repository/com/google/code/findbugs/jsr305/3.0.2/jsr305-3.0.2.jar:/Users/osamazafar/.m2/repository/org/checkerframework/checker-qual/2.10.0/checker-qual-2.10.0.jar:/Users/osamazafar/.m2/repository/com/google/errorprone/error_prone_annotations/2.3.4/error_prone_annotations-2.3.4.jar:/Users/osamazafar/.m2/repository/com/google/j2objc/j2objc-annotations/1.3/j2objc-annotations-1.3.jar:/Users/osamazafar/.m2/repository/org/seleniumhq/selenium/selenium-chromium-driver/4.0.0-alpha-4/selenium-chromium-driver-4.0.0-alpha-4.jar:/Users/osamazafar/.m2/repository/org/seleniumhq/selenium/selenium-devtools/4.0.0-alpha-4/selenium-devtools-4.0.0-alpha-4.jar:/Users/osamazafar/.m2/repository/org/seleniumhq/selenium/selenium-http/4.0.0-alpha-4/selenium-http-4.0.0-alpha-4.jar:/Users/osamazafar/.m2/repository/org/seleniumhq/selenium/selenium-json/4.0.0-alpha-4/selenium-json-4.0.0-alpha-4.jar:/Users/osamazafar/.m2/repository/org/seleniumhq/selenium/selenium-edge-driver/4.0.0-alpha-4/selenium-edge-driver-4.0.0-alpha-4.jar:/Users/osamazafar/.m2/repository/org/seleniumhq/selenium/selenium-edgehtml-driver/4.0.0-alpha-4/selenium-edgehtml-driver-4.0.0-alpha-4.jar:/Users/osamazafar/.m2/repository/org/seleniumhq/selenium/selenium-firefox-driver/4.0.0-alpha-4/selenium-firefox-driver-4.0.0-alpha-4.jar:/Users/osamazafar/.m2/repository/org/seleniumhq/selenium/selenium-firefox-xpi-driver/4.0.0-alpha-4/selenium-firefox-xpi-driver-4.0.0-alpha-4.jar:/Users/osamazafar/.m2/repository/org/seleniumhq/selenium/selenium-ie-driver/4.0.0-alpha-4/selenium-ie-driver-4.0.0-alpha-4.jar:/Users/osamazafar/.m2/repository/org/seleniumhq/selenium/selenium-opera-driver/4.0.0-alpha-4/selenium-opera-driver-4.0.0-alpha-4.jar:/Users/osamazafar/.m2/repository/org/seleniumhq/selenium/selenium-remote-driver/4.0.0-alpha-4/selenium-remote-driver-4.0.0-alpha-4.jar:/Users/osamazafar/.m2/repository/com/squareup/okhttp3/okhttp/4.3.0/okhttp-4.3.0.jar:/Users/osamazafar/.m2/repository/com/squareup/okio/okio/2.4.1/okio-2.4.1.jar:/Users/osamazafar/.m2/repository/org/jetbrains/kotlin/kotlin-stdlib-common/1.3.50/kotlin-stdlib-common-1.3.50.jar:/Users/osamazafar/.m2/repository/org/jetbrains/kotlin/kotlin-stdlib/1.3.61/kotlin-stdlib-1.3.61.jar:/Users/osamazafar/.m2/repository/org/jetbrains/annotations/13.0/annotations-13.0.jar:/Users/osamazafar/.m2/repository/com/typesafe/netty/netty-reactive-streams/2.0.4/netty-reactive-streams-2.0.4.jar:/Users/osamazafar/.m2/repository/io/netty/netty-handler/4.1.43.Final/netty-handler-4.1.43.Final.jar:/Users/osamazafar/.m2/repository/io/netty/netty-common/4.1.43.Final/netty-common-4.1.43.Final.jar:/Users/osamazafar/.m2/repository/io/netty/netty-buffer/4.1.43.Final/netty-buffer-4.1.43.Final.jar:/Users/osamazafar/.m2/repository/io/netty/netty-transport/4.1.43.Final/netty-transport-4.1.43.Final.jar:/Users/osamazafar/.m2/repository/io/netty/netty-codec/4.1.43.Final/netty-codec-4.1.43.Final.jar:/Users/osamazafar/.m2/repository/org/reactivestreams/reactive-streams/1.0.3/reactive-streams-1.0.3.jar:/Users/osamazafar/.m2/repository/io/opentracing/opentracing-api/0.33.0/opentracing-api-0.33.0.jar:/Users/osamazafar/.m2/repository/net/bytebuddy/byte-buddy/1.10.6/byte-buddy-1.10.6.jar:/Users/osamazafar/.m2/repository/org/apache/commons/commons-exec/1.3/commons-exec-1.3.jar:/Users/osamazafar/.m2/repository/org/asynchttpclient/async-http-client/2.10.4/async-http-client-2.10.4.jar:/Users/osamazafar/.m2/repository/org/asynchttpclient/async-http-client-netty-utils/2.10.4/async-http-client-netty-utils-2.10.4.jar:/Users/osamazafar/.m2/repository/io/netty/netty-codec-http/4.1.42.Final/netty-codec-http-4.1.42.Final.jar:/Users/osamazafar/.m2/repository/io/netty/netty-codec-socks/4.1.42.Final/netty-codec-socks-4.1.42.Final.jar:/Users/osamazafar/.m2/repository/io/netty/netty-handler-proxy/4.1.42.Final/netty-handler-proxy-4.1.42.Final.jar:/Users/osamazafar/.m2/repository/io/netty/netty-transport-native-epoll/4.1.42.Final/netty-transport-native-epoll-4.1.42.Final-linux-x86_64.jar:/Users/osamazafar/.m2/repository/io/netty/netty-transport-native-unix-common/4.1.42.Final/netty-transport-native-unix-common-4.1.42.Final.jar:/Users/osamazafar/.m2/repository/io/netty/netty-transport-native-kqueue/4.1.42.Final/netty-transport-native-kqueue-4.1.42.Final-osx-x86_64.jar:/Users/osamazafar/.m2/repository/io/netty/netty-resolver-dns/4.1.42.Final/netty-resolver-dns-4.1.42.Final.jar:/Users/osamazafar/.m2/repository/io/netty/netty-resolver/4.1.42.Final/netty-resolver-4.1.42.Final.jar:/Users/osamazafar/.m2/repository/io/netty/netty-codec-dns/4.1.42.Final/netty-codec-dns-4.1.42.Final.jar:/Users/osamazafar/.m2/repository/org/slf4j/slf4j-api/1.7.26/slf4j-api-1.7.26.jar:/Users/osamazafar/.m2/repository/com/sun/activation/javax.activation/1.2.0/javax.activation-1.2.0.jar:/Users/osamazafar/.m2/repository/org/seleniumhq/selenium/selenium-safari-driver/4.0.0-alpha-4/selenium-safari-driver-4.0.0-alpha-4.jar:/Users/osamazafar/.m2/repository/org/seleniumhq/selenium/selenium-support/4.0.0-alpha-4/selenium-support-4.0.0-alpha-4.jar:/Users/osamazafar/.m2/repository/org/testng/testng/7.1.0/testng-7.1.0.jar:/Users/osamazafar/.m2/repository/com/beust/jcommander/1.72/jcommander-1.72.jar:/Users/osamazafar/.m2/repository/com/google/inject/guice/4.1.0/guice-4.1.0-no_aop.jar:/Users/osamazafar/.m2/repository/javax/inject/javax.inject/1/javax.inject-1.jar:/Users/osamazafar/.m2/repository/aopalliance/aopalliance/1.0/aopalliance-1.0.jar:/Users/osamazafar/.m2/repository/org/yaml/snakeyaml/1.21/snakeyaml-1.21.jar:/Users/osamazafar/.m2/repository/commons-io/commons-io/2.6/commons-io-2.6.jar:/Users/osamazafar/.m2/repository/com/aventstack/extentreports/3.1.5/extentreports-3.1.5.jar:/Users/osamazafar/.m2/repository/org/mongodb/mongodb-driver/3.3.0/mongodb-driver-3.3.0.jar:/Users/osamazafar/.m2/repository/org/mongodb/bson/3.3.0/bson-3.3.0.jar:/Users/osamazafar/.m2/repository/org/mongodb/mongodb-driver-core/3.3.0/mongodb-driver-core-3.3.0.jar:/Users/osamazafar/.m2/repository/org/apache/httpcomponents/httpclient/4.5.2/httpclient-4.5.2.jar:/Users/osamazafar/.m2/repository/org/apache/httpcomponents/httpcore/4.4.4/httpcore-4.4.4.jar:/Users/osamazafar/.m2/repository/commons-logging/commons-logging/1.2/commons-logging-1.2.jar:/Users/osamazafar/.m2/repository/commons-codec/commons-codec/1.9/commons-codec-1.9.jar:/Users/osamazafar/.m2/repository/org/apache/httpcomponents/httpmime/4.5.2/httpmime-4.5.2.jar:/Users/osamazafar/.m2/repository/org/jsoup/jsoup/1.9.2/jsoup-1.9.2.jar:/Users/osamazafar/.m2/repository/com/google/code/gson/gson/2.8.0/gson-2.8.0.jar:/Users/osamazafar/.m2/repository/info/cukes/cucumber-testng/1.2.5/cucumber-testng-1.2.5.jar:/Users/osamazafar/.m2/repository/info/cukes/cucumber-core/1.2.5/cucumber-core-1.2.5.jar:/Users/osamazafar/.m2/repository/info/cukes/cucumber-html/0.2.3/cucumber-html-0.2.3.jar:/Users/osamazafar/.m2/repository/info/cukes/cucumber-jvm-deps/1.0.5/cucumber-jvm-deps-1.0.5.jar:/Users/osamazafar/.m2/repository/info/cukes/gherkin/2.12.2/gherkin-2.12.2.jar:/Users/osamazafar/.m2/repository/info/cukes/cucumber-java/1.2.5/cucumber-java-1.2.5.jar:/Users/osamazafar/.m2/repository/info/cukes/cucumber-junit/1.2.5/cucumber-junit-1.2.5.jar:/Users/osamazafar/.m2/repository/org/freemarker/freemarker/2.3.28/freemarker-2.3.28.jar:"/>
    <property name="sun.cpu.endian" value="little"/>
    <property name="user.home" value="/Users/osamazafar"/>
    <property name="user.language" value="en"/>
    <property name="java.specification.vendor" value="Oracle Corporation"/>
    <property name="java.home" value="/Library/Java/JavaVirtualMachines/jdk1.8.0_221.jdk/Contents/Home/jre"/>
    <property name="basedir" value="/Users/osamazafar/Project"/>
    <property name="file.separator" value="/"/>
    <property name="line.separator" value="&#10;"/>
    <property name="java.vm.specification.vendor" value="Oracle Corporation"/>
    <property name="java.specification.name" value="Java Platform API Specification"/>
    <property name="java.awt.graphicsenv" value="sun.awt.CGraphicsEnvironment"/>
    <property name="surefire.real.class.path" value="/Users/osamazafar/Project/target/surefire/surefirebooter1678972913300783085.jar"/>
    <property name="sun.boot.class.path" value="/Library/Java/JavaVirtualMachines/jdk1.8.0_221.jdk/Contents/Home/jre/lib/resources.jar:/Library/Java/JavaVirtualMachines/jdk1.8.0_221.jdk/Contents/Home/jre/lib/rt.jar:/Library/Java/JavaVirtualMachines/jdk1.8.0_221.jdk/Contents/Home/jre/lib/sunrsasign.jar:/Library/Java/JavaVirtualMachines/jdk1.8.0_221.jdk/Contents/Home/jre/lib/jsse.jar:/Library/Java/JavaVirtualMachines/jdk1.8.0_221.jdk/Contents/Home/jre/lib/jce.jar:/Library/Java/JavaVirtualMachines/jdk1.8.0_221.jdk/Contents/Home/jre/lib/charsets.jar:/Library/Java/JavaVirtualMachines/jdk1.8.0_221.jdk/Contents/Home/jre/lib/jfr.jar:/Library/Java/JavaVirtualMachines/jdk1.8.0_221.jdk/Contents/Home/jre/classes"/>
    <property name="sun.management.compiler" value="HotSpot 64-Bit Tiered Compilers"/>
    <property name="ftp.nonProxyHosts" value="local|*.local|169.254/16|*.169.254/16"/>
    <property name="java.runtime.version" value="1.8.0_221-b11"/>
    <property name="user.name" value="osamazafar"/>
    <property name="path.separator" value=":"/>
    <property name="os.version" value="10.15.2"/>
    <property name="java.endorsed.dirs" value="/Library/Java/JavaVirtualMachines/jdk1.8.0_221.jdk/Contents/Home/jre/lib/endorsed"/>
    <property name="java.runtime.name" value="Java(TM) SE Runtime Environment"/>
    <property name="file.encoding" value="UTF-8"/>
    <property name="java.vm.name" value="Java HotSpot(TM) 64-Bit Server VM"/>
    <property name="localRepository" value="/Users/osamazafar/.m2/repository"/>
    <property name="java.vendor.url.bug" value="http://bugreport.sun.com/bugreport/"/>
    <property name="java.io.tmpdir" value="/var/folders/x3/g_xcwmrj4vl4l1zkl4p_55l00000gn/T/"/>
    <property name="java.version" value="1.8.0_221"/>
    <property name="user.dir" value="/Users/osamazafar/Project"/>
    <property name="os.arch" value="x86_64"/>
    <property name="java.vm.specification.name" value="Java Virtual Machine Specification"/>
    <property name="java.awt.printerjob" value="sun.lwawt.macosx.CPrinterJob"/>
    <property name="sun.os.patch.level" value="unknown"/>
    <property name="java.library.path" value="/Users/osamazafar/Library/Java/Extensions:/Library/Java/Extensions:/Network/Library/Java/Extensions:/System/Library/Java/Extensions:/usr/lib/java:."/>
    <property name="java.vm.info" value="mixed mode"/>
    <property name="java.vendor" value="Oracle Corporation"/>
    <property name="java.vm.version" value="25.221-b11"/>
    <property name="java.ext.dirs" value="/Users/osamazafar/Library/Java/Extensions:/Library/Java/JavaVirtualMachines/jdk1.8.0_221.jdk/Contents/Home/jre/lib/ext:/Library/Java/Extensions:/Network/Library/Java/Extensions:/System/Library/Java/Extensions:/usr/lib/java"/>
    <property name="sun.io.unicode.encoding" value="UnicodeBig"/>
    <property name="java.class.version" value="52.0"/>
    <property name="socksNonProxyHosts" value="local|*.local|169.254/16|*.169.254/16"/>
  </properties>
  <testcase name="initializa" classname="Academy.validateNavigationBar" time="11.146">
    <failure type="java.lang.NullPointerException"><![CDATA[java.lang.NullPointerException
	at Academy.validateNavigationBar.initializa(validateNavigationBar.java:37)
]]></failure>
    <system-out><![CDATA[Validating Title in the Page
Validating User Login
Validating Navigation Bar
null
null
null
]]></system-out>
  </testcase>
  <testcase name="basePageNavigation" classname="Academy.validateNavigationBar" time="0">
    <skipped/>
  </testcase>
  <testcase name="tearDown" classname="Academy.validateNavigationBar" time="0">
    <skipped/>
  </testcase>
  <testcase name="initializa" classname="Academy.HomePage" time="11.147">
    <failure type="java.lang.NullPointerException"><![CDATA[java.lang.NullPointerException
	at Academy.HomePage.initializa(HomePage.java:28)
]]></failure>
  </testcase>
  <testcase name="basePageNavigation" classname="Academy.HomePage" time="0">
    <skipped/>
  </testcase>
  <testcase name="basePageNavigation" classname="Academy.HomePage" time="0">
    <skipped/>
  </testcase>
  <testcase name="tearDown" classname="Academy.HomePage" time="0">
    <skipped/>
  </testcase>
  <testcase name="initializa" classname="Academy.validateTitle" time="11.147">
    <failure type="java.lang.NullPointerException"><![CDATA[java.lang.NullPointerException
	at Academy.validateTitle.initializa(validateTitle.java:31)
]]></failure>
  </testcase>
  <testcase name="basePageNavigation" classname="Academy.validateTitle" time="0">
    <skipped/>
  </testcase>
  <testcase name="tearDown" classname="Academy.validateTitle" time="0">
    <skipped/>
  </testcase>
</testsuite>