<?xml version="1.0" encoding="UTF-8"?>
<!-- Generated by org.testng.reporters.JUnitReportReporter -->
<testsuite skipped="0" hostname="osamas-MacBook-Pro.local" name="Academy.validateNavigationBar" tests="1" failures="0" timestamp="20 Feb 2020 21:13:49 GMT" time="0.103" errors="0">
  <testcase name="basePageNavigation" time="0.103" classname="Academy.validateNavigationBar"/>
</testsuite> <!-- Academy.validateNavigationBar -->
