<?xml version="1.0" encoding="UTF-8"?>
<!-- Generated by org.testng.reporters.JUnitReportReporter -->
<testsuite skipped="0" hostname="osamas-MacBook-Pro.local" name="CucumberOptions.Testrunner" tests="1" failures="0" timestamp="04 Mar 2020 21:31:49 GMT" time="163.148" errors="0">
  <testcase name="feature" time="163.148" classname="CucumberOptions.Testrunner"/>
</testsuite> <!-- CucumberOptions.Testrunner -->
