<?xml version="1.0" encoding="UTF-8"?>
<!-- Generated by org.testng.reporters.JUnitReportReporter -->
<testsuite skipped="0" hostname="osamas-MacBook-Pro.local" name="Academy.AppTest" tests="1" failures="0" timestamp="2020-02-18T02:45:50 EST" time="0.000" errors="0">
  <testcase name="testApp" time="0.000" classname="Academy.AppTest"/>
  <system-out/>
</testsuite> <!-- Academy.AppTest -->
