<?xml version="1.0" encoding="UTF-8"?>
<!-- Generated by org.testng.reporters.JUnitReportReporter -->
<testsuite skipped="0" hostname="osamas-MacBook-Pro.local" name="Academy.validateTitle" tests="1" failures="0" timestamp="18 Feb 2020 13:52:45 GMT" time="0.218" errors="0">
  <testcase name="basePageNavigation" time="0.218" classname="Academy.validateTitle"/>
</testsuite> <!-- Academy.validateTitle -->
